<?xml version="1.0" encoding="UTF-8"?>
<testng-results skipped="0" failed="0" ignored="0" total="2" passed="2">
  <reporter-output>
  </reporter-output>
  <suite name="Default suite" duration-ms="33300" started-at="2021-09-03T15:18:36 IST" finished-at="2021-09-03T15:19:09 IST">
    <groups>
    </groups>
    <test name="Default test" duration-ms="33300" started-at="2021-09-03T15:18:36 IST" finished-at="2021-09-03T15:19:09 IST">
      <class name="test123.Javascritpexecutor">
        <test-method status="PASS" signature="jsListenEventExecute()[pri:0, instance:test123.Javascritpexecutor@1a8a8f7c]" name="jsListenEventExecute" duration-ms="19203" started-at="2021-09-03T15:18:36 IST" finished-at="2021-09-03T15:18:55 IST">
          <reporter-output>
          </reporter-output>
        </test-method> <!-- jsListenEventExecute -->
        <test-method status="PASS" signature="jsPageScroll()[pri:0, instance:test123.Javascritpexecutor@1a8a8f7c]" name="jsPageScroll" duration-ms="14030" started-at="2021-09-03T15:18:55 IST" finished-at="2021-09-03T15:19:09 IST">
          <reporter-output>
          </reporter-output>
        </test-method> <!-- jsPageScroll -->
      </class> <!-- test123.Javascritpexecutor -->
    </test> <!-- Default test -->
  </suite> <!-- Default suite -->
</testng-results>
